0 info it worked if it ends with ok
1 verbose cli [ '/usr/bin/node', '/usr/bin/npm', 'start' ]
2 info using npm@1.4.28
3 info using node@v0.10.32
4 verbose node symlink /usr/bin/node
5 verbose run-script [ 'prestart', 'start', 'poststart' ]
6 info prestart ma3map@0.1.0
7 info start ma3map@0.1.0
8 verbose unsafe-perm in lifecycle true
9 info ma3map@0.1.0 Failed to exec start script
10 error ma3map@0.1.0 start: `node Server.js`
10 error Exit status 8
11 error Failed at the ma3map@0.1.0 start script.
11 error This is most likely a problem with the ma3map package,
11 error not with npm itself.
11 error Tell the author that this fails on your system:
11 error     node Server.js
11 error You can get their info via:
11 error     npm owner ls ma3map
11 error There is likely additional logging output above.
12 error System Linux 3.2.0-4-amd64
13 error command "/usr/bin/node" "/usr/bin/npm" "start"
14 error cwd /home/jason/workspace/ma3map/server
15 error node -v v0.10.32
16 error npm -v 1.4.28
17 error code ELIFECYCLE
18 verbose exit [ 1, true ]
